# JRE version: OpenJDK Runtime Environment Temurin-17.0.7+7 (17.0.7+7) (build 17.0.7+7)
# Java VM: OpenJDK 64-Bit Server VM Temurin-17.0.7+7 (17.0.7+7, mixed mode, tiered, compressed oops, compressed class ptrs, g1 gc, windows-amd64)
GC Precious Log:
 CPUs: 8 total, 8 available
 Memory: 3899M
 Large Page Support: Disabled
 NUMA Support: Disabled
 Compressed Oops: Enabled (32-bit)
 Heap Region Size: 1M
 Heap Min Capacity: 8M
 Heap Initial Capacity: 62M
 Heap Max Capacity: 976M
 Pre-touch: Disabled
 Parallel Workers: 8
 Concurrent Workers: 2
 Concurrent Refinement Workers: 8
 Periodic GC: Disabled
Heap:
 garbage-first heap   total 122880K, used 74394K [0x00000000c3000000, 0x0000000100000000)
  region size 1024K, 48 young (49152K), 1 survivors (1024K)
 Metaspace       used 79814K, committed 80512K, reserved 1179648K
  class space    used 9935K, committed 10240K, reserved 1048576K
GC Heap History (20 events):
Event: 2807.975 GC heap before
{Heap before GC invocations=68 (full 0):
 garbage-first heap   total 106496K, used 89211K [0x00000000c3000000, 0x0000000100000000)
  region size 1024K, 62 young (63488K), 1 survivors (1024K)
 Metaspace       used 79852K, committed 80448K, reserved 1179648K
  class space    used 9955K, committed 10240K, reserved 1048576K
}
Event: 2807.980 GC heap after
{Heap after GC invocations=69 (full 0):
 garbage-first heap   total 106496K, used 27715K [0x00000000c3000000, 0x0000000100000000)
  region size 1024K, 1 young (1024K), 1 survivors (1024K)
 Metaspace       used 79852K, committed 80448K, reserved 1179648K
  class space    used 9955K, committed 10240K, reserved 1048576K
}
Event: 2808.070 GC heap before
{Heap before GC invocations=69 (full 0):
 garbage-first heap   total 106496K, used 31811K [0x00000000c3000000, 0x0000000100000000)
  region size 1024K, 5 young (5120K), 1 survivors (1024K)
 Metaspace       used 79852K, committed 80448K, reserved 1179648K
  class space    used 9955K, committed 10240K, reserved 1048576K
}
Event: 2808.086 GC heap after
{Heap after GC invocations=70 (full 0):
 garbage-first heap   total 106496K, used 27408K [0x00000000c3000000, 0x0000000100000000)
  region size 1024K, 1 young (1024K), 1 survivors (1024K)
 Metaspace       used 79852K, committed 80448K, reserved 1179648K
  class space    used 9955K, committed 10240K, reserved 1048576K
}
Event: 2809.578 GC heap before
{Heap before GC invocations=70 (full 0):
 garbage-first heap   total 106496K, used 88848K [0x00000000c3000000, 0x0000000100000000)
  region size 1024K, 62 young (63488K), 1 survivors (1024K)
 Metaspace       used 79852K, committed 80448K, reserved 1179648K
  class space    used 9955K, committed 10240K, reserved 1048576K
}
Event: 2809.584 GC heap after
{Heap after GC invocations=71 (full 0):
 garbage-first heap   total 106496K, used 27463K [0x00000000c3000000, 0x0000000100000000)
  region size 1024K, 1 young (1024K), 1 survivors (1024K)
 Metaspace       used 79852K, committed 80448K, reserved 1179648K
  class space    used 9955K, committed 10240K, reserved 1048576K
}
Event: 2821.432 GC heap before
{Heap before GC invocations=72 (full 0):
 garbage-first heap   total 106496K, used 88903K [0x00000000c3000000, 0x0000000100000000)
  region size 1024K, 62 young (63488K), 1 survivors (1024K)
 Metaspace       used 79799K, committed 80448K, reserved 1179648K
  class space    used 9934K, committed 10240K, reserved 1048576K
}
Event: 2821.446 GC heap after
{Heap after GC invocations=73 (full 0):
 garbage-first heap   total 106496K, used 27496K [0x00000000c3000000, 0x0000000100000000)
  region size 1024K, 1 young (1024K), 1 survivors (1024K)
 Metaspace       used 79799K, committed 80448K, reserved 1179648K
  class space    used 9934K, committed 10240K, reserved 1048576K
}
Event: 2821.577 GC heap before
{Heap before GC invocations=73 (full 0):
 garbage-first heap   total 106496K, used 31592K [0x00000000c3000000, 0x0000000100000000)
  region size 1024K, 5 young (5120K), 1 survivors (1024K)
 Metaspace       used 79799K, committed 80448K, reserved 1179648K
  class space    used 9934K, committed 10240K, reserved 1048576K
}
Event: 2821.629 GC heap after
{Heap after GC invocations=74 (full 0):
 garbage-first heap   total 106496K, used 27203K [0x00000000c3000000, 0x0000000100000000)
  region size 1024K, 1 young (1024K), 1 survivors (1024K)
 Metaspace       used 79799K, committed 80448K, reserved 1179648K
  class space    used 9934K, committed 10240K, reserved 1048576K
}
Event: 2823.959 GC heap before
{Heap before GC invocations=74 (full 0):
 garbage-first heap   total 106496K, used 88643K [0x00000000c3000000, 0x0000000100000000)
  region size 1024K, 62 young (63488K), 1 survivors (1024K)
 Metaspace       used 79799K, committed 80448K, reserved 1179648K
  class space    used 9934K, committed 10240K, reserved 1048576K
}
Event: 2823.992 GC heap after
{Heap after GC invocations=75 (full 0):
 garbage-first heap   total 249856K, used 27269K [0x00000000c3000000, 0x0000000100000000)
  region size 1024K, 1 young (1024K), 1 survivors (1024K)
 Metaspace       used 79799K, committed 80448K, reserved 1179648K
  class space    used 9934K, committed 10240K, reserved 1048576K
}
Event: 2827.783 GC heap before
{Heap before GC invocations=76 (full 0):
 garbage-first heap   total 122880K, used 98949K [0x00000000c3000000, 0x0000000100000000)
  region size 1024K, 72 young (73728K), 1 survivors (1024K)
 Metaspace       used 79799K, committed 80448K, reserved 1179648K
  class space    used 9934K, committed 10240K, reserved 1048576K
}
Event: 2827.788 GC heap after
{Heap after GC invocations=77 (full 0):
 garbage-first heap   total 122880K, used 27202K [0x00000000c3000000, 0x0000000100000000)
  region size 1024K, 1 young (1024K), 1 survivors (1024K)
 Metaspace       used 79799K, committed 80448K, reserved 1179648K
  class space    used 9934K, committed 10240K, reserved 1048576K
}
Event: 2828.150 GC heap before
{Heap before GC invocations=77 (full 0):
 garbage-first heap   total 122880K, used 31298K [0x00000000c3000000, 0x0000000100000000)
  region size 1024K, 6 young (6144K), 1 survivors (1024K)
 Metaspace       used 79799K, committed 80448K, reserved 1179648K
  class space    used 9934K, committed 10240K, reserved 1048576K
}
Event: 2828.164 GC heap after
{Heap after GC invocations=78 (full 0):
 garbage-first heap   total 122880K, used 27163K [0x00000000c3000000, 0x0000000100000000)
  region size 1024K, 1 young (1024K), 1 survivors (1024K)
 Metaspace       used 79799K, committed 80448K, reserved 1179648K
  class space    used 9934K, committed 10240K, reserved 1048576K
}
Event: 2836.094 GC heap before
{Heap before GC invocations=78 (full 0):
 garbage-first heap   total 122880K, used 98843K [0x00000000c3000000, 0x0000000100000000)
  region size 1024K, 72 young (73728K), 1 survivors (1024K)
 Metaspace       used 79803K, committed 80448K, reserved 1179648K
  class space    used 9934K, committed 10240K, reserved 1048576K
}
Event: 2836.139 GC heap after
{Heap after GC invocations=79 (full 0):
 garbage-first heap   total 122880K, used 27228K [0x00000000c3000000, 0x0000000100000000)
  region size 1024K, 1 young (1024K), 1 survivors (1024K)
 Metaspace       used 79803K, committed 80448K, reserved 1179648K
  class space    used 9934K, committed 10240K, reserved 1048576K
}
Event: 2841.273 GC heap before
{Heap before GC invocations=80 (full 0):
 garbage-first heap   total 122880K, used 99932K [0x00000000c3000000, 0x0000000100000000)
  region size 1024K, 72 young (73728K), 1 survivors (1024K)
 Metaspace       used 79812K, committed 80512K, reserved 1179648K
  class space    used 9935K, committed 10240K, reserved 1048576K
}
Event: 2841.301 GC heap after
{Heap after GC invocations=81 (full 0):
 garbage-first heap   total 122880K, used 27290K [0x00000000c3000000, 0x0000000100000000)
  region size 1024K, 1 young (1024K), 1 survivors (1024K)
 Metaspace       used 79812K, committed 80512K, reserved 1179648K
  class space    used 9935K, committed 10240K, reserved 1048576K
}

