# JRE version: OpenJDK Runtime Environment Temurin-17.0.7+7 (17.0.7+7) (build 17.0.7+7)
# Java VM: OpenJDK 64-Bit Server VM Temurin-17.0.7+7 (17.0.7+7, mixed mode, tiered, compressed oops, compressed class ptrs, g1 gc, windows-amd64)
GC Precious Log:
 CPUs: 8 total, 8 available
 Memory: 3899M
 Large Page Support: Disabled
 NUMA Support: Disabled
 Compressed Oops: Enabled (32-bit)
 Heap Region Size: 1M
 Heap Min Capacity: 8M
 Heap Initial Capacity: 62M
 Heap Max Capacity: 976M
 Pre-touch: Disabled
 Parallel Workers: 8
 Concurrent Workers: 2
 Concurrent Refinement Workers: 8
 Periodic GC: Disabled
Heap:
 garbage-first heap   total 66560K, used 47877K [0x00000000c3000000, 0x0000000100000000)
  region size 1024K, 20 young (20480K), 1 survivors (1024K)
 Metaspace       used 79163K, committed 79808K, reserved 1179648K
  class space    used 9966K, committed 10304K, reserved 1048576K
GC Heap History (20 events):
Event: 149.439 GC heap before
{Heap before GC invocations=45 (full 0):
 garbage-first heap   total 66560K, used 55975K [0x00000000c3000000, 0x0000000100000000)
  region size 1024K, 28 young (28672K), 2 survivors (2048K)
 Metaspace       used 79126K, committed 79744K, reserved 1179648K
  class space    used 9965K, committed 10304K, reserved 1048576K
}
Event: 149.450 GC heap after
{Heap after GC invocations=46 (full 0):
 garbage-first heap   total 66560K, used 29198K [0x00000000c3000000, 0x0000000100000000)
  region size 1024K, 1 young (1024K), 1 survivors (1024K)
 Metaspace       used 79126K, committed 79744K, reserved 1179648K
  class space    used 9965K, committed 10304K, reserved 1048576K
}
Event: 150.862 GC heap before
{Heap before GC invocations=46 (full 0):
 garbage-first heap   total 66560K, used 55822K [0x00000000c3000000, 0x0000000100000000)
  region size 1024K, 28 young (28672K), 1 survivors (1024K)
 Metaspace       used 79126K, committed 79744K, reserved 1179648K
  class space    used 9965K, committed 10304K, reserved 1048576K
}
Event: 150.866 GC heap after
{Heap after GC invocations=47 (full 0):
 garbage-first heap   total 66560K, used 29303K [0x00000000c3000000, 0x0000000100000000)
  region size 1024K, 1 young (1024K), 1 survivors (1024K)
 Metaspace       used 79126K, committed 79744K, reserved 1179648K
  class space    used 9965K, committed 10304K, reserved 1048576K
}
Event: 152.109 GC heap before
{Heap before GC invocations=47 (full 0):
 garbage-first heap   total 66560K, used 56951K [0x00000000c3000000, 0x0000000100000000)
  region size 1024K, 28 young (28672K), 1 survivors (1024K)
 Metaspace       used 79127K, committed 79744K, reserved 1179648K
  class space    used 9965K, committed 10304K, reserved 1048576K
}
Event: 152.113 GC heap after
{Heap after GC invocations=48 (full 0):
 garbage-first heap   total 66560K, used 29264K [0x00000000c3000000, 0x0000000100000000)
  region size 1024K, 1 young (1024K), 1 survivors (1024K)
 Metaspace       used 79127K, committed 79744K, reserved 1179648K
  class space    used 9965K, committed 10304K, reserved 1048576K
}
Event: 153.016 GC heap before
{Heap before GC invocations=48 (full 0):
 garbage-first heap   total 66560K, used 55888K [0x00000000c3000000, 0x0000000100000000)
  region size 1024K, 28 young (28672K), 1 survivors (1024K)
 Metaspace       used 79127K, committed 79744K, reserved 1179648K
  class space    used 9965K, committed 10304K, reserved 1048576K
}
Event: 153.020 GC heap after
{Heap after GC invocations=49 (full 0):
 garbage-first heap   total 66560K, used 29272K [0x00000000c3000000, 0x0000000100000000)
  region size 1024K, 1 young (1024K), 1 survivors (1024K)
 Metaspace       used 79127K, committed 79744K, reserved 1179648K
  class space    used 9965K, committed 10304K, reserved 1048576K
}
Event: 154.236 GC heap before
{Heap before GC invocations=49 (full 0):
 garbage-first heap   total 66560K, used 56920K [0x00000000c3000000, 0x0000000100000000)
  region size 1024K, 28 young (28672K), 1 survivors (1024K)
 Metaspace       used 79127K, committed 79744K, reserved 1179648K
  class space    used 9965K, committed 10304K, reserved 1048576K
}
Event: 154.238 GC heap after
{Heap after GC invocations=50 (full 0):
 garbage-first heap   total 66560K, used 29376K [0x00000000c3000000, 0x0000000100000000)
  region size 1024K, 1 young (1024K), 1 survivors (1024K)
 Metaspace       used 79127K, committed 79744K, reserved 1179648K
  class space    used 9965K, committed 10304K, reserved 1048576K
}
Event: 156.347 GC heap before
{Heap before GC invocations=50 (full 0):
 garbage-first heap   total 66560K, used 56000K [0x00000000c3000000, 0x0000000100000000)
  region size 1024K, 28 young (28672K), 1 survivors (1024K)
 Metaspace       used 79157K, committed 79808K, reserved 1179648K
  class space    used 9966K, committed 10304K, reserved 1048576K
}
Event: 156.350 GC heap after
{Heap after GC invocations=51 (full 0):
 garbage-first heap   total 66560K, used 29359K [0x00000000c3000000, 0x0000000100000000)
  region size 1024K, 1 young (1024K), 1 survivors (1024K)
 Metaspace       used 79157K, committed 79808K, reserved 1179648K
  class space    used 9966K, committed 10304K, reserved 1048576K
}
Event: 157.845 GC heap before
{Heap before GC invocations=51 (full 0):
 garbage-first heap   total 66560K, used 57007K [0x00000000c3000000, 0x0000000100000000)
  region size 1024K, 28 young (28672K), 1 survivors (1024K)
 Metaspace       used 79157K, committed 79808K, reserved 1179648K
  class space    used 9966K, committed 10304K, reserved 1048576K
}
Event: 157.850 GC heap after
{Heap after GC invocations=52 (full 0):
 garbage-first heap   total 66560K, used 29330K [0x00000000c3000000, 0x0000000100000000)
  region size 1024K, 1 young (1024K), 1 survivors (1024K)
 Metaspace       used 79157K, committed 79808K, reserved 1179648K
  class space    used 9966K, committed 10304K, reserved 1048576K
}
Event: 159.032 GC heap before
{Heap before GC invocations=52 (full 0):
 garbage-first heap   total 66560K, used 55954K [0x00000000c3000000, 0x0000000100000000)
  region size 1024K, 28 young (28672K), 1 survivors (1024K)
 Metaspace       used 79158K, committed 79808K, reserved 1179648K
  class space    used 9966K, committed 10304K, reserved 1048576K
}
Event: 159.037 GC heap after
{Heap after GC invocations=53 (full 0):
 garbage-first heap   total 66560K, used 29496K [0x00000000c3000000, 0x0000000100000000)
  region size 1024K, 1 young (1024K), 1 survivors (1024K)
 Metaspace       used 79158K, committed 79808K, reserved 1179648K
  class space    used 9966K, committed 10304K, reserved 1048576K
}
Event: 159.731 GC heap before
{Heap before GC invocations=53 (full 0):
 garbage-first heap   total 66560K, used 57144K [0x00000000c3000000, 0x0000000100000000)
  region size 1024K, 28 young (28672K), 1 survivors (1024K)
 Metaspace       used 79158K, committed 79808K, reserved 1179648K
  class space    used 9966K, committed 10304K, reserved 1048576K
}
Event: 159.738 GC heap after
{Heap after GC invocations=54 (full 0):
 garbage-first heap   total 66560K, used 29418K [0x00000000c3000000, 0x0000000100000000)
  region size 1024K, 1 young (1024K), 1 survivors (1024K)
 Metaspace       used 79158K, committed 79808K, reserved 1179648K
  class space    used 9966K, committed 10304K, reserved 1048576K
}
Event: 162.914 GC heap before
{Heap before GC invocations=54 (full 0):
 garbage-first heap   total 66560K, used 56042K [0x00000000c3000000, 0x0000000100000000)
  region size 1024K, 28 young (28672K), 1 survivors (1024K)
 Metaspace       used 79163K, committed 79808K, reserved 1179648K
  class space    used 9966K, committed 10304K, reserved 1048576K
}
Event: 162.916 GC heap after
{Heap after GC invocations=55 (full 0):
 garbage-first heap   total 66560K, used 29445K [0x00000000c3000000, 0x0000000100000000)
  region size 1024K, 1 young (1024K), 1 survivors (1024K)
 Metaspace       used 79163K, committed 79808K, reserved 1179648K
  class space    used 9966K, committed 10304K, reserved 1048576K
}

